Arguments: 
  C:\Program Files\nodejs\node.exe C:\Users\benna\AppData\Roaming\npm\node_modules\yarn\bin\yarn.js

PATH: 
  C:\Users\benna\bin;C:\Program Files\Git\mingw64\bin;C:\Program Files\Git\usr\local\bin;C:\Program Files\Git\usr\bin;C:\Program Files\Git\usr\bin;C:\Program Files\Git\mingw64\bin;C:\Program Files\Git\usr\bin;C:\Users\benna\bin;C:\Windows\system32;C:\Windows;C:\Windows\System32\Wbem;C:\Windows\System32\WindowsPowerShell\v1.0;C:\Windows\System32\OpenSSH;C:\Program Files\Git\cmd;C:\Program Files\nodejs;C:\Users\benna\AppData\Local\Microsoft\WindowsApps;C:\Users\benna\AppData\Local\Programs\Microsoft VS Code\bin;C:\Program Files\heroku\bin;C:\Users\benna\AppData\Roaming\npm;C:\Program Files\Git\usr\bin\vendor_perl;C:\Program Files\Git\usr\bin\core_perl

Yarn version: 
  1.22.19

Node version: 
  16.17.0

Platform: 
  win32 x64

Trace: 
  Error: EPERM: operation not permitted, open 'C:\Users\benna\Desktop\apps\development\bon\client\node_modules\acorn-jsx\node_modules\.bin\acorn.cmd'

npm manifest: 
  {
    "name": "easy-manage",
    "version": "0.1.0",
    "private": true,
    "dependencies": {
      "@material-ui/core": "^4.12.3",
      "@material-ui/data-grid": "^4.0.0-alpha.37",
      "@material-ui/icons": "^4.11.2",
      "@material-ui/lab": "^4.0.0-alpha.61",
      "@testing-library/jest-dom": "^5.16.2",
      "@testing-library/react": "^12.1.3",
      "@testing-library/user-event": "^13.5.0",
      "axios": "^0.27.2",
      "node-sass": "^7.0.1",
      "react": "^17.0.2",
      "react-dom": "^17.0.2",
      "react-router-dom": "5",
      "react-scripts": "5.0.0",
      "react-to-print": "^2.14.7",
      "react-toastify": "^9.0.3",
      "recharts": "^2.1.9",
      "swiper": "^8.3.2",
      "web-vitals": "^2.1.4"
    },
    "scripts": {
      "start": "react-scripts start",
      "build": "react-scripts build",
      "test": "react-scripts test",
      "eject": "react-scripts eject"
    },
    "eslintConfig": {
      "extends": [
        "react-app",
        "react-app/jest"
      ]
    },
    "browserslist": {
      "production": [
        ">0.2%",
        "not dead",
        "not op_mini all"
      ],
      "development": [
        "last 1 chrome version",
        "last 1 firefox version",
        "last 1 safari version"
      ]
    },
    "proxy": "http://localhost:8800/api/v1/"
  }

yarn manifest: 
  No manifest

Lockfile: 
  No lockfile
